<?xml version="1.0" encoding="UTF-8"?>
<testng-results ignored="0" total="1" passed="1" failed="0" skipped="0">
  <reporter-output>
  </reporter-output>
  <suite started-at="2024-05-28T02:10:48 IST" name="Default suite" finished-at="2024-05-28T02:11:50 IST" duration-ms="61970">
    <groups>
    </groups>
    <test started-at="2024-05-28T02:10:48 IST" name="Default test" finished-at="2024-05-28T02:11:50 IST" duration-ms="61970">
      <class name="RoughPKG.TestCase">
        <test-method is-config="true" signature="Start()[pri:0, instance:RoughPKG.TestCase@24aed80c]" started-at="2024-05-28T02:10:48 IST" name="Start" finished-at="2024-05-28T02:11:00 IST" duration-ms="12482" status="PASS">
          <reporter-output>
          </reporter-output>
        </test-method> <!-- Start -->
        <test-method signature="SignUp()[pri:0, instance:RoughPKG.TestCase@24aed80c]" started-at="2024-05-28T02:11:00 IST" name="SignUp" finished-at="2024-05-28T02:11:49 IST" duration-ms="49216" status="PASS">
          <reporter-output>
          </reporter-output>
        </test-method> <!-- SignUp -->
        <test-method is-config="true" signature="TearDown()[pri:0, instance:RoughPKG.TestCase@24aed80c]" started-at="2024-05-28T02:11:49 IST" name="TearDown" finished-at="2024-05-28T02:11:50 IST" duration-ms="186" status="PASS">
          <reporter-output>
          </reporter-output>
        </test-method> <!-- TearDown -->
      </class> <!-- RoughPKG.TestCase -->
    </test> <!-- Default test -->
  </suite> <!-- Default suite -->
</testng-results>
